<?xml version="1.0" encoding="UTF-8"?>
<testsuite xmlns:xsi="http://www.w3.org/2001/XMLSchema-instance" xsi:noNamespaceSchemaLocation="https://maven.apache.org/surefire/maven-surefire-plugin/xsd/surefire-test-report-3.0.xsd" version="3.0" name="TestSuite" time="54.891" tests="1" errors="0" skipped="0" failures="0">
  <properties>
    <property name="java.specification.version" value="15"/>
    <property name="sun.jnu.encoding" value="UTF-8"/>
    <property name="java.class.path" value="/Users/bhagyesh/eclipse-workspace/WebdriverTest/target/test-classes:/Users/bhagyesh/eclipse-workspace/WebdriverTest/target/classes:/Users/bhagyesh/.m2/repository/junit/junit/3.8.1/junit-3.8.1.jar:/Users/bhagyesh/.m2/repository/org/seleniumhq/selenium/selenium-java/2.45.0/selenium-java-2.45.0.jar:/Users/bhagyesh/.m2/repository/org/seleniumhq/selenium/selenium-chrome-driver/2.45.0/selenium-chrome-driver-2.45.0.jar:/Users/bhagyesh/.m2/repository/org/seleniumhq/selenium/selenium-remote-driver/2.45.0/selenium-remote-driver-2.45.0.jar:/Users/bhagyesh/.m2/repository/cglib/cglib-nodep/2.1_3/cglib-nodep-2.1_3.jar:/Users/bhagyesh/.m2/repository/com/google/code/gson/gson/2.3.1/gson-2.3.1.jar:/Users/bhagyesh/.m2/repository/org/seleniumhq/selenium/selenium-api/2.45.0/selenium-api-2.45.0.jar:/Users/bhagyesh/.m2/repository/com/google/guava/guava/18.0/guava-18.0.jar:/Users/bhagyesh/.m2/repository/org/seleniumhq/selenium/selenium-htmlunit-driver/2.45.0/selenium-htmlunit-driver-2.45.0.jar:/Users/bhagyesh/.m2/repository/net/sourceforge/htmlunit/htmlunit/2.15/htmlunit-2.15.jar:/Users/bhagyesh/.m2/repository/xalan/xalan/2.7.1/xalan-2.7.1.jar:/Users/bhagyesh/.m2/repository/xalan/serializer/2.7.1/serializer-2.7.1.jar:/Users/bhagyesh/.m2/repository/commons-collections/commons-collections/3.2.1/commons-collections-3.2.1.jar:/Users/bhagyesh/.m2/repository/org/apache/commons/commons-lang3/3.3.2/commons-lang3-3.3.2.jar:/Users/bhagyesh/.m2/repository/org/apache/httpcomponents/httpmime/4.3.3/httpmime-4.3.3.jar:/Users/bhagyesh/.m2/repository/commons-codec/commons-codec/1.9/commons-codec-1.9.jar:/Users/bhagyesh/.m2/repository/net/sourceforge/htmlunit/htmlunit-core-js/2.15/htmlunit-core-js-2.15.jar:/Users/bhagyesh/.m2/repository/xerces/xercesImpl/2.11.0/xercesImpl-2.11.0.jar:/Users/bhagyesh/.m2/repository/xml-apis/xml-apis/1.4.01/xml-apis-1.4.01.jar:/Users/bhagyesh/.m2/repository/net/sourceforge/nekohtml/nekohtml/1.9.21/nekohtml-1.9.21.jar:/Users/bhagyesh/.m2/repository/net/sourceforge/cssparser/cssparser/0.9.14/cssparser-0.9.14.jar:/Users/bhagyesh/.m2/repository/org/w3c/css/sac/1.3/sac-1.3.jar:/Users/bhagyesh/.m2/repository/commons-logging/commons-logging/1.1.3/commons-logging-1.1.3.jar:/Users/bhagyesh/.m2/repository/org/eclipse/jetty/jetty-websocket/8.1.15.v20140411/jetty-websocket-8.1.15.v20140411.jar:/Users/bhagyesh/.m2/repository/org/eclipse/jetty/jetty-util/8.1.15.v20140411/jetty-util-8.1.15.v20140411.jar:/Users/bhagyesh/.m2/repository/org/eclipse/jetty/jetty-io/8.1.15.v20140411/jetty-io-8.1.15.v20140411.jar:/Users/bhagyesh/.m2/repository/org/eclipse/jetty/jetty-http/8.1.15.v20140411/jetty-http-8.1.15.v20140411.jar:/Users/bhagyesh/.m2/repository/org/apache/httpcomponents/httpclient/4.3.6/httpclient-4.3.6.jar:/Users/bhagyesh/.m2/repository/org/apache/httpcomponents/httpcore/4.3.3/httpcore-4.3.3.jar:/Users/bhagyesh/.m2/repository/org/seleniumhq/selenium/selenium-firefox-driver/2.45.0/selenium-firefox-driver-2.45.0.jar:/Users/bhagyesh/.m2/repository/commons-io/commons-io/2.4/commons-io-2.4.jar:/Users/bhagyesh/.m2/repository/org/apache/commons/commons-exec/1.1/commons-exec-1.1.jar:/Users/bhagyesh/.m2/repository/org/seleniumhq/selenium/selenium-ie-driver/2.45.0/selenium-ie-driver-2.45.0.jar:/Users/bhagyesh/.m2/repository/net/java/dev/jna/jna/3.4.0/jna-3.4.0.jar:/Users/bhagyesh/.m2/repository/net/java/dev/jna/platform/3.4.0/platform-3.4.0.jar:/Users/bhagyesh/.m2/repository/org/seleniumhq/selenium/selenium-safari-driver/2.45.0/selenium-safari-driver-2.45.0.jar:/Users/bhagyesh/.m2/repository/org/seleniumhq/selenium/selenium-support/2.45.0/selenium-support-2.45.0.jar:/Users/bhagyesh/.m2/repository/org/webbitserver/webbit/0.4.14/webbit-0.4.14.jar:/Users/bhagyesh/.m2/repository/io/netty/netty/3.5.2.Final/netty-3.5.2.Final.jar:/Users/bhagyesh/.m2/repository/org/seleniumhq/selenium/selenium-leg-rc/2.45.0/selenium-leg-rc-2.45.0.jar:/Users/bhagyesh/.m2/repository/org/testng/testng/6.8.8/testng-6.8.8.jar:/Users/bhagyesh/.m2/repository/org/beanshell/bsh/2.0b4/bsh-2.0b4.jar:/Users/bhagyesh/.m2/repository/com/beust/jcommander/1.27/jcommander-1.27.jar:"/>
    <property name="java.vm.vendor" value="Oracle Corporation"/>
    <property name="sun.arch.data.model" value="64"/>
    <property name="java.vendor.url" value="https://openjdk.java.net/"/>
    <property name="user.timezone" value="Asia/Kolkata"/>
    <property name="os.name" value="Mac OS X"/>
    <property name="java.vm.specification.version" value="15"/>
    <property name="sun.java.launcher" value="SUN_STANDARD"/>
    <property name="user.country" value="GB"/>
    <property name="sun.boot.library.path" value="/usr/local/Cellar/openjdk/15.0.1/libexec/openjdk.jdk/Contents/Home/lib"/>
    <property name="sun.java.command" value="/Users/bhagyesh/eclipse-workspace/WebdriverTest/target/surefire/surefirebooter5921179608464950678.jar /Users/bhagyesh/eclipse-workspace/WebdriverTest/target/surefire 2020-12-14T15-10-21_239-jvmRun1 surefire15126070055281794554tmp surefire_014081036644595675012tmp"/>
    <property name="jdk.debug" value="release"/>
    <property name="surefire.test.class.path" value="/Users/bhagyesh/eclipse-workspace/WebdriverTest/target/test-classes:/Users/bhagyesh/eclipse-workspace/WebdriverTest/target/classes:/Users/bhagyesh/.m2/repository/junit/junit/3.8.1/junit-3.8.1.jar:/Users/bhagyesh/.m2/repository/org/seleniumhq/selenium/selenium-java/2.45.0/selenium-java-2.45.0.jar:/Users/bhagyesh/.m2/repository/org/seleniumhq/selenium/selenium-chrome-driver/2.45.0/selenium-chrome-driver-2.45.0.jar:/Users/bhagyesh/.m2/repository/org/seleniumhq/selenium/selenium-remote-driver/2.45.0/selenium-remote-driver-2.45.0.jar:/Users/bhagyesh/.m2/repository/cglib/cglib-nodep/2.1_3/cglib-nodep-2.1_3.jar:/Users/bhagyesh/.m2/repository/com/google/code/gson/gson/2.3.1/gson-2.3.1.jar:/Users/bhagyesh/.m2/repository/org/seleniumhq/selenium/selenium-api/2.45.0/selenium-api-2.45.0.jar:/Users/bhagyesh/.m2/repository/com/google/guava/guava/18.0/guava-18.0.jar:/Users/bhagyesh/.m2/repository/org/seleniumhq/selenium/selenium-htmlunit-driver/2.45.0/selenium-htmlunit-driver-2.45.0.jar:/Users/bhagyesh/.m2/repository/net/sourceforge/htmlunit/htmlunit/2.15/htmlunit-2.15.jar:/Users/bhagyesh/.m2/repository/xalan/xalan/2.7.1/xalan-2.7.1.jar:/Users/bhagyesh/.m2/repository/xalan/serializer/2.7.1/serializer-2.7.1.jar:/Users/bhagyesh/.m2/repository/commons-collections/commons-collections/3.2.1/commons-collections-3.2.1.jar:/Users/bhagyesh/.m2/repository/org/apache/commons/commons-lang3/3.3.2/commons-lang3-3.3.2.jar:/Users/bhagyesh/.m2/repository/org/apache/httpcomponents/httpmime/4.3.3/httpmime-4.3.3.jar:/Users/bhagyesh/.m2/repository/commons-codec/commons-codec/1.9/commons-codec-1.9.jar:/Users/bhagyesh/.m2/repository/net/sourceforge/htmlunit/htmlunit-core-js/2.15/htmlunit-core-js-2.15.jar:/Users/bhagyesh/.m2/repository/xerces/xercesImpl/2.11.0/xercesImpl-2.11.0.jar:/Users/bhagyesh/.m2/repository/xml-apis/xml-apis/1.4.01/xml-apis-1.4.01.jar:/Users/bhagyesh/.m2/repository/net/sourceforge/nekohtml/nekohtml/1.9.21/nekohtml-1.9.21.jar:/Users/bhagyesh/.m2/repository/net/sourceforge/cssparser/cssparser/0.9.14/cssparser-0.9.14.jar:/Users/bhagyesh/.m2/repository/org/w3c/css/sac/1.3/sac-1.3.jar:/Users/bhagyesh/.m2/repository/commons-logging/commons-logging/1.1.3/commons-logging-1.1.3.jar:/Users/bhagyesh/.m2/repository/org/eclipse/jetty/jetty-websocket/8.1.15.v20140411/jetty-websocket-8.1.15.v20140411.jar:/Users/bhagyesh/.m2/repository/org/eclipse/jetty/jetty-util/8.1.15.v20140411/jetty-util-8.1.15.v20140411.jar:/Users/bhagyesh/.m2/repository/org/eclipse/jetty/jetty-io/8.1.15.v20140411/jetty-io-8.1.15.v20140411.jar:/Users/bhagyesh/.m2/repository/org/eclipse/jetty/jetty-http/8.1.15.v20140411/jetty-http-8.1.15.v20140411.jar:/Users/bhagyesh/.m2/repository/org/apache/httpcomponents/httpclient/4.3.6/httpclient-4.3.6.jar:/Users/bhagyesh/.m2/repository/org/apache/httpcomponents/httpcore/4.3.3/httpcore-4.3.3.jar:/Users/bhagyesh/.m2/repository/org/seleniumhq/selenium/selenium-firefox-driver/2.45.0/selenium-firefox-driver-2.45.0.jar:/Users/bhagyesh/.m2/repository/commons-io/commons-io/2.4/commons-io-2.4.jar:/Users/bhagyesh/.m2/repository/org/apache/commons/commons-exec/1.1/commons-exec-1.1.jar:/Users/bhagyesh/.m2/repository/org/seleniumhq/selenium/selenium-ie-driver/2.45.0/selenium-ie-driver-2.45.0.jar:/Users/bhagyesh/.m2/repository/net/java/dev/jna/jna/3.4.0/jna-3.4.0.jar:/Users/bhagyesh/.m2/repository/net/java/dev/jna/platform/3.4.0/platform-3.4.0.jar:/Users/bhagyesh/.m2/repository/org/seleniumhq/selenium/selenium-safari-driver/2.45.0/selenium-safari-driver-2.45.0.jar:/Users/bhagyesh/.m2/repository/org/seleniumhq/selenium/selenium-support/2.45.0/selenium-support-2.45.0.jar:/Users/bhagyesh/.m2/repository/org/webbitserver/webbit/0.4.14/webbit-0.4.14.jar:/Users/bhagyesh/.m2/repository/io/netty/netty/3.5.2.Final/netty-3.5.2.Final.jar:/Users/bhagyesh/.m2/repository/org/seleniumhq/selenium/selenium-leg-rc/2.45.0/selenium-leg-rc-2.45.0.jar:/Users/bhagyesh/.m2/repository/org/testng/testng/6.8.8/testng-6.8.8.jar:/Users/bhagyesh/.m2/repository/org/beanshell/bsh/2.0b4/bsh-2.0b4.jar:/Users/bhagyesh/.m2/repository/com/beust/jcommander/1.27/jcommander-1.27.jar:"/>
    <property name="sun.cpu.endian" value="little"/>
    <property name="user.home" value="/Users/bhagyesh"/>
    <property name="user.language" value="en"/>
    <property name="java.specification.vendor" value="Oracle Corporation"/>
    <property name="java.version.date" value="2020-10-20"/>
    <property name="java.home" value="/usr/local/Cellar/openjdk/15.0.1/libexec/openjdk.jdk/Contents/Home"/>
    <property name="file.separator" value="/"/>
    <property name="basedir" value="/Users/bhagyesh/eclipse-workspace/WebdriverTest"/>
    <property name="java.vm.compressedOopsMode" value="Zero based"/>
    <property name="line.separator" value="&#10;"/>
    <property name="java.vm.specification.vendor" value="Oracle Corporation"/>
    <property name="java.specification.name" value="Java Platform API Specification"/>
    <property name="surefire.real.class.path" value="/Users/bhagyesh/eclipse-workspace/WebdriverTest/target/surefire/surefirebooter5921179608464950678.jar"/>
    <property name="sun.management.compiler" value="HotSpot 64-Bit Tiered Compilers"/>
    <property name="java.runtime.version" value="15.0.1+9"/>
    <property name="user.name" value="bhagyesh"/>
    <property name="path.separator" value=":"/>
    <property name="os.version" value="10.15.7"/>
    <property name="java.runtime.name" value="OpenJDK Runtime Environment"/>
    <property name="file.encoding" value="UTF-8"/>
    <property name="java.vm.name" value="OpenJDK 64-Bit Server VM"/>
    <property name="localRepository" value="/Users/bhagyesh/.m2/repository"/>
    <property name="java.vendor.url.bug" value="https://bugreport.java.com/bugreport/"/>
    <property name="java.io.tmpdir" value="/var/folders/g_/vdlqspvx5w56h7yy_3wd5m340000gp/T/"/>
    <property name="java.version" value="15.0.1"/>
    <property name="user.dir" value="/Users/bhagyesh/eclipse-workspace/WebdriverTest"/>
    <property name="os.arch" value="x86_64"/>
    <property name="java.vm.specification.name" value="Java Virtual Machine Specification"/>
    <property name="java.library.path" value="/Users/bhagyesh/Library/Java/Extensions:/Library/Java/Extensions:/Network/Library/Java/Extensions:/System/Library/Java/Extensions:/usr/lib/java:."/>
    <property name="java.vm.info" value="mixed mode, sharing"/>
    <property name="java.vendor" value="N/A"/>
    <property name="java.vm.version" value="15.0.1+9"/>
    <property name="sun.io.unicode.encoding" value="UnicodeBig"/>
    <property name="java.class.version" value="59.0"/>
  </properties>
  <testcase name="f" classname="example.NewTest" time="52.376">
    <system-out><![CDATA[Name
24K Gold Plated iPhone Xs 256 GB Silver - Unlocked Custom
New Apple iPhone 12 Pro Max (512GB, Pacific Blue) [Locked] + Carrier Subscription
Apple iPhone Xs Max, 512GB, Silver - For AT&T (Renewed)
New Apple iPhone 12 Pro (128GB, Graphite) [Locked] + Carrier Subscription
Apple iPhone XS [64GB, Space Gray] + Carrier Subscription [Cricket Wireless]
Apple iPhone 11 Pro Max, 64GB, Midnight Green - Fully Unlocked (Renewed)
New Apple iPhone 12 (64GB, Green) [Locked] + Carrier Subscription
Apple iPhone 11 Pro, 256GB, Midnight Green - Fully Unlocked (Renewed)
Apple iPhone XR [256GB, Coral] + Carrier Subscription [Cricket Wireless]
New Apple iPhone 12 mini (64GB, (PRODUCT)RED) [Locked] + Carrier Subscription
Apple iPhone 11 [128GB, Purple] + Carrier Subscription [Cricket Wireless]
Apple iPhone XS, 256GB, Silver - Fully Unlocked (Renewed)
Apple iPhone 8 Plus [128GB, Space Gray] + Carrier Subscription [Cricket Wireless]
Apple iPhone 8 Plus, GSM Unlocked, 64GB - Gold (Renewed)
Links
https://www.amazon.com/24K-Gold-Plated-iPhone-Silver/dp/B078T2CZH5/ref=sr_1_1?dchild=1&keywords=iPhone+X&qid=1607938843&refinements=p_n_feature_twenty_browse-bin%3A17881878011&rnid=17881875011&s=wireless&sr=1-1
https://www.amazon.com/Apple-iPhone-Pacific-Carrier-Subscription/dp/B08L5M9LJ4/ref=sr_1_2?dchild=1&keywords=iPhone+X&qid=1607938843&refinements=p_n_feature_twenty_browse-bin%3A17881878011&rnid=17881875011&s=wireless&sr=1-2
https://www.amazon.com/Apple-iPhone-Max-512GB-Silver/dp/B07RFNW39Y/ref=sr_1_3?dchild=1&keywords=iPhone+X&qid=1607938843&refinements=p_n_feature_twenty_browse-bin%3A17881878011&rnid=17881875011&s=wireless&sr=1-3
https://www.amazon.com/Apple-iPhone-Graphite-Carrier-Subscription/dp/B08L5PTDTK/ref=sr_1_4?dchild=1&keywords=iPhone+X&qid=1607938843&refinements=p_n_feature_twenty_browse-bin%3A17881878011&rnid=17881875011&s=wireless&sr=1-4
https://www.amazon.com/Apple-iPhone-XS-64GB-Space/dp/B07VNNRWKC/ref=sr_1_5?dchild=1&keywords=iPhone+X&qid=1607938843&refinements=p_n_feature_twenty_browse-bin%3A17881878011&rnid=17881875011&s=wireless&sr=1-5
https://www.amazon.com/Apple-iPhone-64GB-Midnight-Green/dp/B07ZQS6LPZ/ref=sr_1_6?dchild=1&keywords=iPhone+X&qid=1607938843&refinements=p_n_feature_twenty_browse-bin%3A17881878011&rnid=17881875011&s=wireless&sr=1-6
https://www.amazon.com/Apple-iPhone-Locked-Carrier-Subscription/dp/B08L5RZTTK/ref=sr_1_7?dchild=1&keywords=iPhone+X&qid=1607938843&refinements=p_n_feature_twenty_browse-bin%3A17881878011&rnid=17881875011&s=wireless&sr=1-7
https://www.amazon.com/Apple-iPhone-256GB-Midnight-Green/dp/B07ZQPYXJP/ref=sr_1_8?dchild=1&keywords=iPhone+X&qid=1607938843&refinements=p_n_feature_twenty_browse-bin%3A17881878011&rnid=17881875011&s=wireless&sr=1-8
https://www.amazon.com/Apple-iPhone-XR-256GB-Coral/dp/B07VMNX5HD/ref=sr_1_9?dchild=1&keywords=iPhone+X&qid=1607938843&refinements=p_n_feature_twenty_browse-bin%3A17881878011&rnid=17881875011&s=wireless&sr=1-9
https://www.amazon.com/Apple-iPhone-PRODUCT-Carrier-Subscription/dp/B08L5RJ392/ref=sr_1_10?dchild=1&keywords=iPhone+X&qid=1607938843&refinements=p_n_feature_twenty_browse-bin%3A17881878011&rnid=17881875011&s=wireless&sr=1-10
https://www.amazon.com/Apple-Carrier-Subscription-Cricket-Wireless/dp/B084GSMNRN/ref=sr_1_11?dchild=1&keywords=iPhone+X&qid=1607938843&refinements=p_n_feature_twenty_browse-bin%3A17881878011&rnid=17881875011&s=wireless&sr=1-11
https://www.amazon.com/Apple-iPhone-Unlocked-Silver-Renewed/dp/B07KKKH5CK/ref=sr_1_12?dchild=1&keywords=iPhone+X&qid=1607938843&refinements=p_n_feature_twenty_browse-bin%3A17881878011&rnid=17881875011&s=wireless&sr=1-12
https://www.amazon.com/Apple-Carrier-Subscription-Cricket-Wireless/dp/B084N4WVQL/ref=sr_1_13?dchild=1&keywords=iPhone+X&qid=1607938843&refinements=p_n_feature_twenty_browse-bin%3A17881878011&rnid=17881875011&s=wireless&sr=1-13
https://www.amazon.com/Apple-iPhone-Plus-Unlocked-64GB/dp/B07752FPVQ/ref=sr_1_14?dchild=1&keywords=iPhone+X&qid=1607938843&refinements=p_n_feature_twenty_browse-bin%3A17881878011&rnid=17881875011&s=wireless&sr=1-14
]]></system-out>
  </testcase>
</testsuite>