<?xml version="1.0" encoding="UTF-8"?>
<!-- Generated by org.testng.reporters.JUnitReportReporter -->
<testsuite skipped="0" hostname="Bhagyeshs-MacBook-Pro.local" name="example.NewTest" tests="1" failures="0" timestamp="2020-12-14T11:56:41 IST" time="12.411" errors="0">
  <testcase name="f" time="12.411" classname="example.NewTest"/>
  <system-out/>
</testsuite> <!-- example.NewTest -->
