<?xml version="1.0" encoding="UTF-8"?>
<!-- Generated by org.testng.reporters.JUnitReportReporter -->
<testsuite hostname="Bhagyeshs-MacBook-Pro.local" failures="0" tests="1" name="example.NewTest" time="52.365" errors="0" timestamp="14 Dec 2020 09:41:16 GMT">
  <testcase classname="example.NewTest" name="f" time="52.365"/>
</testsuite> <!-- example.NewTest -->
